0 info it worked if it ends with ok
1 verbose cli [ '/Users/alexandrathursland/opt/anaconda3/bin/node',
1 verbose cli   '/Users/alexandrathursland/opt/anaconda3/bin/npm',
1 verbose cli   'run',
1 verbose cli   'dev' ]
2 info using npm@3.10.10
3 info using node@v6.13.1
4 verbose run-script [ 'predev', 'dev', 'postdev' ]
5 info lifecycle job_search_app@1.0.0~predev: job_search_app@1.0.0
6 silly lifecycle job_search_app@1.0.0~predev: no script for predev, continuing
7 info lifecycle job_search_app@1.0.0~dev: job_search_app@1.0.0
8 verbose lifecycle job_search_app@1.0.0~dev: unsafe-perm in lifecycle true
9 verbose lifecycle job_search_app@1.0.0~dev: PATH: /Users/alexandrathursland/opt/anaconda3/lib/node_modules/npm/bin/node-gyp-bin:/Users/alexandrathursland/Documents/dtechbuild/job_search_app/node_modules/.bin:/Users/alexandrathursland/opt/anaconda3/bin:/Users/alexandrathursland/opt/anaconda3/condabin:/Library/Frameworks/Python.framework/Versions/3.11/bin:/Library/Frameworks/Python.framework/Versions/3.10/bin:/Library/Frameworks/Python.framework/Versions/3.9/bin:/usr/local/bin:/usr/bin:/bin:/usr/sbin:/sbin:/Library/TeX/texbin:/Users/alexandrathursland/.zsh/misc
10 verbose lifecycle job_search_app@1.0.0~dev: CWD: /Users/alexandrathursland/Documents/dtechbuild/job_search_app
11 silly lifecycle job_search_app@1.0.0~dev: Args: [ '-c', 'npx nodemon server/app.js' ]
12 silly lifecycle job_search_app@1.0.0~dev: Returned: code: 1  signal: null
13 info lifecycle job_search_app@1.0.0~dev: Failed to exec dev script
14 verbose stack Error: job_search_app@1.0.0 dev: `npx nodemon server/app.js`
14 verbose stack Exit status 1
14 verbose stack     at EventEmitter.<anonymous> (/Users/alexandrathursland/opt/anaconda3/lib/node_modules/npm/lib/utils/lifecycle.js:255:16)
14 verbose stack     at emitTwo (events.js:106:13)
14 verbose stack     at EventEmitter.emit (events.js:191:7)
14 verbose stack     at ChildProcess.<anonymous> (/Users/alexandrathursland/opt/anaconda3/lib/node_modules/npm/lib/utils/spawn.js:40:14)
14 verbose stack     at emitTwo (events.js:106:13)
14 verbose stack     at ChildProcess.emit (events.js:191:7)
14 verbose stack     at maybeClose (internal/child_process.js:920:16)
14 verbose stack     at Process.ChildProcess._handle.onexit (internal/child_process.js:230:5)
15 verbose pkgid job_search_app@1.0.0
16 verbose cwd /Users/alexandrathursland/Documents/dtechbuild/job_search_app
17 error Darwin 21.5.0
18 error argv "/Users/alexandrathursland/opt/anaconda3/bin/node" "/Users/alexandrathursland/opt/anaconda3/bin/npm" "run" "dev"
19 error node v6.13.1
20 error npm  v3.10.10
21 error code ELIFECYCLE
22 error job_search_app@1.0.0 dev: `npx nodemon server/app.js`
22 error Exit status 1
23 error Failed at the job_search_app@1.0.0 dev script 'npx nodemon server/app.js'.
23 error Make sure you have the latest version of node.js and npm installed.
23 error If you do, this is most likely a problem with the job_search_app package,
23 error not with npm itself.
23 error Tell the author that this fails on your system:
23 error     npx nodemon server/app.js
23 error You can get information on how to open an issue for this project with:
23 error     npm bugs job_search_app
23 error Or if that isn't available, you can get their info via:
23 error     npm owner ls job_search_app
23 error There is likely additional logging output above.
24 verbose exit [ 1, true ]
